apiVersion: v1
items:
- apiVersion: storage.k8s.io/v1
  kind: StorageClass
  metadata:
    annotations:
      kubectl.kubernetes.io/last-applied-configuration: |
        {"apiVersion":"storage.k8s.io/v1","kind":"StorageClass","metadata":{"annotations":{},"name":"nfs-storageclass"},"parameters":{"archiveOnDelete":"false"},"provisioner":"nfs"}
    creationTimestamp: "2021-01-20T01:44:41Z"
    managedFields:
    - apiVersion: storage.k8s.io/v1
      fieldsType: FieldsV1
      fieldsV1:
        f:metadata:
          f:annotations:
            .: {}
            f:kubectl.kubernetes.io/last-applied-configuration: {}
        f:parameters:
          .: {}
          f:archiveOnDelete: {}
        f:provisioner: {}
        f:reclaimPolicy: {}
        f:volumeBindingMode: {}
      manager: kubectl
      operation: Update
      time: "2021-01-20T01:44:41Z"
    name: nfs-storageclass
    resourceVersion: "9082381"
    selfLink: /apis/storage.k8s.io/v1/storageclasses/nfs-storageclass
    uid: 1bb00f9c-07c2-472e-b92d-0a1fe5a77d10
  parameters:
    archiveOnDelete: "false"
  provisioner: nfs
  reclaimPolicy: Delete
  volumeBindingMode: WaitForFirstConsumer
kind: List
metadata:
  resourceVersion: ""
  selfLink: ""
